app/build/intermediates/manifest_merge_blame_file/debug/processDebugMainManifest/manifest-merger-blame-debug-report.txt
1<?xml version="1.0" encoding="utf-8"?>
2<manifest xmlns:android="http://schemas.android.com/apk/res/android"
3    package="com.youngsu.fieldshare"
4    android:versionCode="1"
5    android:versionName="1.0" >
6
7    <uses-sdk
8        android:minSdkVersion="26"
9        android:targetSdkVersion="36" />
10
11    <uses-permission android:name="android.permission.INTERNET" />
11-->src\main\AndroidManifest.xml:5:5-67
11-->src\main\AndroidManifest.xml:5:22-64
12    <uses-permission android:name="android.permission.POST_NOTIFICATIONS" />
12-->src\main\AndroidManifest.xml:6:5-77
12-->src\main\AndroidManifest.xml:6:22-74
13    <uses-permission android:name="android.permission.ACCESS_NETWORK_STATE" />
13-->[com.google.firebase:firebase-auth:24.0.1] AndroidManifest.xml:26:5-79
13-->[com.google.firebase:firebase-auth:24.0.1] AndroidManifest.xml:26:22-76
14    <uses-permission android:name="android.permission.WAKE_LOCK" /> <!-- Required by older versions of Google Play services to create IID tokens -->
14-->[com.google.firebase:firebase-messaging:25.0.1] AndroidManifest.xml:24:5-68
14-->[com.google.firebase:firebase-messaging:25.0.1] AndroidManifest.xml:24:22-65
15    <uses-permission android:name="com.google.android.c2dm.permission.RECEIVE" />
15-->[com.google.firebase:firebase-messaging:25.0.1] AndroidManifest.xml:26:5-82
15-->[com.google.firebase:firebase-messaging:25.0.1] AndroidManifest.xml:26:22-79
16    <uses-permission android:name="com.google.android.providers.gsf.permission.READ_GSERVICES" />
16-->[com.google.android.recaptcha:recaptcha:18.6.1] AndroidManifest.xml:9:5-98
16-->[com.google.android.recaptcha:recaptcha:18.6.1] AndroidManifest.xml:9:22-95
17
18    <permission
18-->[androidx.core:core:1.18.0] AndroidManifest.xml:22:5-24:47
19        android:name="com.youngsu.fieldshare.DYNAMIC_RECEIVER_NOT_EXPORTED_PERMISSION"
19-->[androidx.core:core:1.18.0] AndroidManifest.xml:23:9-81
20        android:protectionLevel="signature" />
20-->[androidx.core:core:1.18.0] AndroidManifest.xml:24:9-44
21
22    <uses-permission android:name="com.youngsu.fieldshare.DYNAMIC_RECEIVER_NOT_EXPORTED_PERMISSION" />
22-->[androidx.core:core:1.18.0] AndroidManifest.xml:26:5-97
22-->[androidx.core:core:1.18.0] AndroidManifest.xml:26:22-94
23
24    <application
24-->src\main\AndroidManifest.xml:8:5-45:19
25        android:allowBackup="true"
25-->src\main\AndroidManifest.xml:9:9-35
26        android:appComponentFactory="androidx.core.app.CoreComponentFactory"
26-->[androidx.core:core:1.18.0] AndroidManifest.xml:28:18-86
27        android:dataExtractionRules="@xml/data_extraction_rules"
27-->src\main\AndroidManifest.xml:10:9-65
28        android:debuggable="true"
29        android:extractNativeLibs="false"
30        android:fullBackupContent="@xml/backup_rules"
30-->src\main\AndroidManifest.xml:11:9-54
31        android:icon="@mipmap/ic_launcher"
31-->src\main\AndroidManifest.xml:12:9-43
32        android:label="@string/app_name"
32-->src\main\AndroidManifest.xml:13:9-41
33        android:roundIcon="@mipmap/ic_launcher_round"
33-->src\main\AndroidManifest.xml:14:9-54
34        android:supportsRtl="true"
34-->src\main\AndroidManifest.xml:15:9-35
35        android:testOnly="true"
36        android:theme="@style/Theme.FieldShare" >
36-->src\main\AndroidManifest.xml:16:9-48
37        <provider
38            android:name="androidx.core.content.FileProvider"
38-->src\main\AndroidManifest.xml:18:13-62
39            android:authorities="com.youngsu.fieldshare.fileprovider"
39-->src\main\AndroidManifest.xml:19:13-64
40            android:exported="false"
40-->src\main\AndroidManifest.xml:20:13-37
41            android:grantUriPermissions="true" >
41-->src\main\AndroidManifest.xml:21:13-47
42            <meta-data
42-->src\main\AndroidManifest.xml:22:13-24:54
43                android:name="android.support.FILE_PROVIDER_PATHS"
43-->src\main\AndroidManifest.xml:23:17-67
44                android:resource="@xml/file_paths" />
44-->src\main\AndroidManifest.xml:24:17-51
45        </provider>
46
47        <service
47-->src\main\AndroidManifest.xml:26:9-32:19
48            android:name="com.youngsu.fieldshare.FieldShareMessagingService"
48-->src\main\AndroidManifest.xml:27:13-55
49            android:exported="false" >
49-->src\main\AndroidManifest.xml:28:13-37
50            <intent-filter>
50-->src\main\AndroidManifest.xml:29:13-31:29
51                <action android:name="com.google.firebase.MESSAGING_EVENT" />
51-->src\main\AndroidManifest.xml:30:17-78
51-->src\main\AndroidManifest.xml:30:25-75
52            </intent-filter>
53        </service>
54
55        <activity
55-->src\main\AndroidManifest.xml:33:9-44:20
56            android:name="com.youngsu.fieldshare.MainActivity"
56-->src\main\AndroidManifest.xml:34:13-41
57            android:exported="true"
57-->src\main\AndroidManifest.xml:35:13-36
58            android:label="@string/app_name"
58-->src\main\AndroidManifest.xml:36:13-45
59            android:screenOrientation="portrait"
59-->src\main\AndroidManifest.xml:37:13-49
60            android:theme="@style/Theme.FieldShare" >
60-->src\main\AndroidManifest.xml:38:13-52
61            <intent-filter>
61-->src\main\AndroidManifest.xml:39:13-43:29
62                <action android:name="android.intent.action.MAIN" />
62-->src\main\AndroidManifest.xml:40:17-69
62-->src\main\AndroidManifest.xml:40:25-66
63
64                <category android:name="android.intent.category.LAUNCHER" />
64-->src\main\AndroidManifest.xml:42:17-77
64-->src\main\AndroidManifest.xml:42:27-74
65            </intent-filter>
66        </activity>
67        <!--
68        This activity is an invisible delegate activity to start scanner activity
69        and receive result, so it's unnecessary to support screen orientation and
70        we can avoid any side effect from activity recreation in any case.
71        -->
72        <activity
72-->[com.google.android.gms:play-services-mlkit-document-scanner:16.0.0] AndroidManifest.xml:15:9-21:20
73            android:name="com.google.mlkit.vision.documentscanner.internal.GmsDocumentScanningDelegateActivity"
73-->[com.google.android.gms:play-services-mlkit-document-scanner:16.0.0] AndroidManifest.xml:16:13-112
74            android:exported="false"
74-->[com.google.android.gms:play-services-mlkit-document-scanner:16.0.0] AndroidManifest.xml:17:13-37
75            android:screenOrientation="portrait"
75-->[com.google.android.gms:play-services-mlkit-document-scanner:16.0.0] AndroidManifest.xml:18:13-49
76            android:theme="@android:style/Theme.Black.NoTitleBar.Fullscreen" >
76-->[com.google.android.gms:play-services-mlkit-document-scanner:16.0.0] AndroidManifest.xml:19:13-77
77        </activity>
78
79        <service
79-->[com.google.android.gms:play-services-mlkit-text-recognition-common:19.1.0] AndroidManifest.xml:9:9-15:19
80            android:name="com.google.mlkit.common.internal.MlKitComponentDiscoveryService"
80-->[com.google.android.gms:play-services-mlkit-text-recognition-common:19.1.0] AndroidManifest.xml:10:13-91
81            android:directBootAware="true"
81-->[com.google.mlkit:common:18.11.0] AndroidManifest.xml:17:13-43
82            android:exported="false" >
82-->[com.google.android.gms:play-services-mlkit-text-recognition-common:19.1.0] AndroidManifest.xml:11:13-37
83            <meta-data
83-->[com.google.android.gms:play-services-mlkit-text-recognition-common:19.1.0] AndroidManifest.xml:12:13-14:85
84                android:name="com.google.firebase.components:com.google.mlkit.vision.text.internal.TextRegistrar"
84-->[com.google.android.gms:play-services-mlkit-text-recognition-common:19.1.0] AndroidManifest.xml:13:17-114
85                android:value="com.google.firebase.components.ComponentRegistrar" />
85-->[com.google.android.gms:play-services-mlkit-text-recognition-common:19.1.0] AndroidManifest.xml:14:17-82
86            <meta-data
86-->[com.google.mlkit:vision-common:17.3.0] AndroidManifest.xml:12:13-14:85
87                android:name="com.google.firebase.components:com.google.mlkit.vision.common.internal.VisionCommonRegistrar"
87-->[com.google.mlkit:vision-common:17.3.0] AndroidManifest.xml:13:17-124
88                android:value="com.google.firebase.components.ComponentRegistrar" />
88-->[com.google.mlkit:vision-common:17.3.0] AndroidManifest.xml:14:17-82
89            <meta-data
89-->[com.google.mlkit:common:18.11.0] AndroidManifest.xml:20:13-22:85
90                android:name="com.google.firebase.components:com.google.mlkit.common.internal.CommonComponentRegistrar"
90-->[com.google.mlkit:common:18.11.0] AndroidManifest.xml:21:17-120
91                android:value="com.google.firebase.components.ComponentRegistrar" />
91-->[com.google.mlkit:common:18.11.0] AndroidManifest.xml:22:17-82
92        </service>
93
94        <provider
94-->[com.google.mlkit:common:18.11.0] AndroidManifest.xml:9:9-13:38
95            android:name="com.google.mlkit.common.internal.MlKitInitProvider"
95-->[com.google.mlkit:common:18.11.0] AndroidManifest.xml:10:13-78
96            android:authorities="com.youngsu.fieldshare.mlkitinitprovider"
96-->[com.google.mlkit:common:18.11.0] AndroidManifest.xml:11:13-69
97            android:exported="false"
97-->[com.google.mlkit:common:18.11.0] AndroidManifest.xml:12:13-37
98            android:initOrder="99" />
98-->[com.google.mlkit:common:18.11.0] AndroidManifest.xml:13:13-35
99
100        <activity
100-->[androidx.compose.ui:ui-tooling-android:1.7.0] AndroidManifest.xml:23:9-25:39
101            android:name="androidx.compose.ui.tooling.PreviewActivity"
101-->[androidx.compose.ui:ui-tooling-android:1.7.0] AndroidManifest.xml:24:13-71
102            android:exported="true" />
102-->[androidx.compose.ui:ui-tooling-android:1.7.0] AndroidManifest.xml:25:13-36
103        <activity
103-->[androidx.compose.ui:ui-test-manifest:1.7.0] AndroidManifest.xml:23:9-25:39
104            android:name="androidx.activity.ComponentActivity"
104-->[androidx.compose.ui:ui-test-manifest:1.7.0] AndroidManifest.xml:24:13-63
105            android:exported="true" />
105-->[androidx.compose.ui:ui-test-manifest:1.7.0] AndroidManifest.xml:25:13-36
106        <activity
106-->[com.google.firebase:firebase-auth:24.0.1] AndroidManifest.xml:29:9-46:20
107            android:name="com.google.firebase.auth.internal.GenericIdpActivity"
107-->[com.google.firebase:firebase-auth:24.0.1] AndroidManifest.xml:30:13-80
108            android:excludeFromRecents="true"
108-->[com.google.firebase:firebase-auth:24.0.1] AndroidManifest.xml:31:13-46
109            android:exported="true"
109-->[com.google.firebase:firebase-auth:24.0.1] AndroidManifest.xml:32:13-36
110            android:launchMode="singleTask"
110-->[com.google.firebase:firebase-auth:24.0.1] AndroidManifest.xml:33:13-44
111            android:theme="@android:style/Theme.Translucent.NoTitleBar" >
111-->[com.google.firebase:firebase-auth:24.0.1] AndroidManifest.xml:34:13-72
112            <intent-filter>
112-->[com.google.firebase:firebase-auth:24.0.1] AndroidManifest.xml:35:13-45:29
113                <action android:name="android.intent.action.VIEW" />
113-->[com.google.firebase:firebase-auth:24.0.1] AndroidManifest.xml:36:17-69
113-->[com.google.firebase:firebase-auth:24.0.1] AndroidManifest.xml:36:25-66
114
115                <category android:name="android.intent.category.DEFAULT" />
115-->[com.google.firebase:firebase-auth:24.0.1] AndroidManifest.xml:38:17-76
115-->[com.google.firebase:firebase-auth:24.0.1] AndroidManifest.xml:38:27-73
116                <category android:name="android.intent.category.BROWSABLE" />
116-->[com.google.firebase:firebase-auth:24.0.1] AndroidManifest.xml:39:17-78
116-->[com.google.firebase:firebase-auth:24.0.1] AndroidManifest.xml:39:27-75
117
118                <data
118-->[com.google.firebase:firebase-auth:24.0.1] AndroidManifest.xml:41:17-44:51
119                    android:host="firebase.auth"
119-->[com.google.firebase:firebase-auth:24.0.1] AndroidManifest.xml:42:21-49
120                    android:path="/"
120-->[com.google.firebase:firebase-auth:24.0.1] AndroidManifest.xml:43:21-37
121                    android:scheme="genericidp" />
121-->[com.google.firebase:firebase-auth:24.0.1] AndroidManifest.xml:44:21-48
122            </intent-filter>
123        </activity>
124        <activity
124-->[com.google.firebase:firebase-auth:24.0.1] AndroidManifest.xml:47:9-64:20
125            android:name="com.google.firebase.auth.internal.RecaptchaActivity"
125-->[com.google.firebase:firebase-auth:24.0.1] AndroidManifest.xml:48:13-79
126            android:excludeFromRecents="true"
126-->[com.google.firebase:firebase-auth:24.0.1] AndroidManifest.xml:49:13-46
127            android:exported="true"
127-->[com.google.firebase:firebase-auth:24.0.1] AndroidManifest.xml:50:13-36
128            android:launchMode="singleTask"
128-->[com.google.firebase:firebase-auth:24.0.1] AndroidManifest.xml:51:13-44
129            android:theme="@android:style/Theme.Translucent.NoTitleBar" >
129-->[com.google.firebase:firebase-auth:24.0.1] AndroidManifest.xml:52:13-72
130            <intent-filter>
130-->[com.google.firebase:firebase-auth:24.0.1] AndroidManifest.xml:53:13-63:29
131                <action android:name="android.intent.action.VIEW" />
131-->[com.google.firebase:firebase-auth:24.0.1] AndroidManifest.xml:36:17-69
131-->[com.google.firebase:firebase-auth:24.0.1] AndroidManifest.xml:36:25-66
132
133                <category android:name="android.intent.category.DEFAULT" />
133-->[com.google.firebase:firebase-auth:24.0.1] AndroidManifest.xml:38:17-76
133-->[com.google.firebase:firebase-auth:24.0.1] AndroidManifest.xml:38:27-73
134                <category android:name="android.intent.category.BROWSABLE" />
134-->[com.google.firebase:firebase-auth:24.0.1] AndroidManifest.xml:39:17-78
134-->[com.google.firebase:firebase-auth:24.0.1] AndroidManifest.xml:39:27-75
135
136                <data
136-->[com.google.firebase:firebase-auth:24.0.1] AndroidManifest.xml:41:17-44:51
137                    android:host="firebase.auth"
137-->[com.google.firebase:firebase-auth:24.0.1] AndroidManifest.xml:42:21-49
138                    android:path="/"
138-->[com.google.firebase:firebase-auth:24.0.1] AndroidManifest.xml:43:21-37
139                    android:scheme="recaptcha" />
139-->[com.google.firebase:firebase-auth:24.0.1] AndroidManifest.xml:44:21-48
140            </intent-filter>
141        </activity>
142
143        <service
143-->[com.google.firebase:firebase-auth:24.0.1] AndroidManifest.xml:66:9-72:19
144            android:name="com.google.firebase.components.ComponentDiscoveryService"
144-->[com.google.firebase:firebase-auth:24.0.1] AndroidManifest.xml:67:13-84
145            android:directBootAware="true"
145-->[com.google.firebase:firebase-common:22.0.1] AndroidManifest.xml:32:13-43
146            android:exported="false" >
146-->[com.google.firebase:firebase-auth:24.0.1] AndroidManifest.xml:68:13-37
147            <meta-data
147-->[com.google.firebase:firebase-auth:24.0.1] AndroidManifest.xml:69:13-71:85
148                android:name="com.google.firebase.components:com.google.firebase.auth.FirebaseAuthRegistrar"
148-->[com.google.firebase:firebase-auth:24.0.1] AndroidManifest.xml:70:17-109
149                android:value="com.google.firebase.components.ComponentRegistrar" />
149-->[com.google.firebase:firebase-auth:24.0.1] AndroidManifest.xml:71:17-82
150            <meta-data
150-->[com.google.firebase:firebase-database:22.0.1] AndroidManifest.xml:29:13-31:85
151                android:name="com.google.firebase.components:com.google.firebase.database.FirebaseDatabaseKtxRegistrar"
151-->[com.google.firebase:firebase-database:22.0.1] AndroidManifest.xml:30:17-120
152                android:value="com.google.firebase.components.ComponentRegistrar" />
152-->[com.google.firebase:firebase-database:22.0.1] AndroidManifest.xml:31:17-82
153            <meta-data
153-->[com.google.firebase:firebase-database:22.0.1] AndroidManifest.xml:32:13-34:85
154                android:name="com.google.firebase.components:com.google.firebase.database.DatabaseRegistrar"
154-->[com.google.firebase:firebase-database:22.0.1] AndroidManifest.xml:33:17-109
155                android:value="com.google.firebase.components.ComponentRegistrar" />
155-->[com.google.firebase:firebase-database:22.0.1] AndroidManifest.xml:34:17-82
156            <meta-data
156-->[com.google.firebase:firebase-firestore:26.0.2] AndroidManifest.xml:17:13-19:85
157                android:name="com.google.firebase.components:com.google.firebase.firestore.FirebaseFirestoreKtxRegistrar"
157-->[com.google.firebase:firebase-firestore:26.0.2] AndroidManifest.xml:18:17-122
158                android:value="com.google.firebase.components.ComponentRegistrar" />
158-->[com.google.firebase:firebase-firestore:26.0.2] AndroidManifest.xml:19:17-82
159            <meta-data
159-->[com.google.firebase:firebase-firestore:26.0.2] AndroidManifest.xml:20:13-22:85
160                android:name="com.google.firebase.components:com.google.firebase.firestore.FirestoreRegistrar"
160-->[com.google.firebase:firebase-firestore:26.0.2] AndroidManifest.xml:21:17-111
161                android:value="com.google.firebase.components.ComponentRegistrar" />
161-->[com.google.firebase:firebase-firestore:26.0.2] AndroidManifest.xml:22:17-82
162            <meta-data
162-->[com.google.firebase:firebase-functions:22.1.0] AndroidManifest.xml:15:13-17:85
163                android:name="com.google.firebase.components:com.google.firebase.functions.FirebaseFunctionsKtxRegistrar"
163-->[com.google.firebase:firebase-functions:22.1.0] AndroidManifest.xml:16:17-122
164                android:value="com.google.firebase.components.ComponentRegistrar" />
164-->[com.google.firebase:firebase-functions:22.1.0] AndroidManifest.xml:17:17-82
165            <meta-data
165-->[com.google.firebase:firebase-functions:22.1.0] AndroidManifest.xml:18:13-20:85
166                android:name="com.google.firebase.components:com.google.firebase.functions.FunctionsRegistrar"
166-->[com.google.firebase:firebase-functions:22.1.0] AndroidManifest.xml:19:17-111
167                android:value="com.google.firebase.components.ComponentRegistrar" />
167-->[com.google.firebase:firebase-functions:22.1.0] AndroidManifest.xml:20:17-82
168            <meta-data
168-->[com.google.firebase:firebase-messaging:25.0.1] AndroidManifest.xml:57:13-59:85
169                android:name="com.google.firebase.components:com.google.firebase.messaging.FirebaseMessagingKtxRegistrar"
169-->[com.google.firebase:firebase-messaging:25.0.1] AndroidManifest.xml:58:17-122
170                android:value="com.google.firebase.components.ComponentRegistrar" />
170-->[com.google.firebase:firebase-messaging:25.0.1] AndroidManifest.xml:59:17-82
171            <meta-data
171-->[com.google.firebase:firebase-messaging:25.0.1] AndroidManifest.xml:60:13-62:85
172                android:name="com.google.firebase.components:com.google.firebase.messaging.FirebaseMessagingRegistrar"
172-->[com.google.firebase:firebase-messaging:25.0.1] AndroidManifest.xml:61:17-119
173                android:value="com.google.firebase.components.ComponentRegistrar" />
173-->[com.google.firebase:firebase-messaging:25.0.1] AndroidManifest.xml:62:17-82
174            <meta-data
174-->[com.google.firebase:firebase-storage:22.0.1] AndroidManifest.xml:30:13-32:85
175                android:name="com.google.firebase.components:com.google.firebase.storage.FirebaseStorageKtxRegistrar"
175-->[com.google.firebase:firebase-storage:22.0.1] AndroidManifest.xml:31:17-118
176                android:value="com.google.firebase.components.ComponentRegistrar" />
176-->[com.google.firebase:firebase-storage:22.0.1] AndroidManifest.xml:32:17-82
177            <meta-data
177-->[com.google.firebase:firebase-storage:22.0.1] AndroidManifest.xml:33:13-35:85
178                android:name="com.google.firebase.components:com.google.firebase.storage.StorageRegistrar"
178-->[com.google.firebase:firebase-storage:22.0.1] AndroidManifest.xml:34:17-107
179                android:value="com.google.firebase.components.ComponentRegistrar" />
179-->[com.google.firebase:firebase-storage:22.0.1] AndroidManifest.xml:35:17-82
180            <meta-data
180-->[com.google.firebase:firebase-appcheck:19.0.1] AndroidManifest.xml:25:13-27:85
181                android:name="com.google.firebase.components:com.google.firebase.appcheck.FirebaseAppCheckKtxRegistrar"
181-->[com.google.firebase:firebase-appcheck:19.0.1] AndroidManifest.xml:26:17-120
182                android:value="com.google.firebase.components.ComponentRegistrar" />
182-->[com.google.firebase:firebase-appcheck:19.0.1] AndroidManifest.xml:27:17-82
183            <meta-data
183-->[com.google.firebase:firebase-appcheck:19.0.1] AndroidManifest.xml:28:13-30:85
184                android:name="com.google.firebase.components:com.google.firebase.appcheck.FirebaseAppCheckRegistrar"
184-->[com.google.firebase:firebase-appcheck:19.0.1] AndroidManifest.xml:29:17-117
185                android:value="com.google.firebase.components.ComponentRegistrar" />
185-->[com.google.firebase:firebase-appcheck:19.0.1] AndroidManifest.xml:30:17-82
186            <meta-data
186-->[com.google.firebase:firebase-iid:21.1.0] AndroidManifest.xml:32:13-34:85
187                android:name="com.google.firebase.components:com.google.firebase.iid.Registrar"
187-->[com.google.firebase:firebase-iid:21.1.0] AndroidManifest.xml:33:17-96
188                android:value="com.google.firebase.components.ComponentRegistrar" />
188-->[com.google.firebase:firebase-iid:21.1.0] AndroidManifest.xml:34:17-82
189            <meta-data
189-->[com.google.firebase:firebase-installations:19.0.1] AndroidManifest.xml:15:13-17:85
190                android:name="com.google.firebase.components:com.google.firebase.installations.FirebaseInstallationsKtxRegistrar"
190-->[com.google.firebase:firebase-installations:19.0.1] AndroidManifest.xml:16:17-130
191                android:value="com.google.firebase.components.ComponentRegistrar" />
191-->[com.google.firebase:firebase-installations:19.0.1] AndroidManifest.xml:17:17-82
192            <meta-data
192-->[com.google.firebase:firebase-installations:19.0.1] AndroidManifest.xml:18:13-20:85
193                android:name="com.google.firebase.components:com.google.firebase.installations.FirebaseInstallationsRegistrar"
193-->[com.google.firebase:firebase-installations:19.0.1] AndroidManifest.xml:19:17-127
194                android:value="com.google.firebase.components.ComponentRegistrar" />
194-->[com.google.firebase:firebase-installations:19.0.1] AndroidManifest.xml:20:17-82
195            <meta-data
195-->[com.google.firebase:firebase-common:22.0.1] AndroidManifest.xml:35:13-37:85
196                android:name="com.google.firebase.components:com.google.firebase.FirebaseCommonKtxRegistrar"
196-->[com.google.firebase:firebase-common:22.0.1] AndroidManifest.xml:36:17-109
197                android:value="com.google.firebase.components.ComponentRegistrar" />
197-->[com.google.firebase:firebase-common:22.0.1] AndroidManifest.xml:37:17-82
198            <meta-data
198-->[com.google.firebase:firebase-datatransport:18.2.0] AndroidManifest.xml:25:13-27:85
199                android:name="com.google.firebase.components:com.google.firebase.datatransport.TransportRegistrar"
199-->[com.google.firebase:firebase-datatransport:18.2.0] AndroidManifest.xml:26:17-115
200                android:value="com.google.firebase.components.ComponentRegistrar" />
200-->[com.google.firebase:firebase-datatransport:18.2.0] AndroidManifest.xml:27:17-82
201        </service>
202
203        <receiver
203-->[com.google.firebase:firebase-messaging:25.0.1] AndroidManifest.xml:29:9-40:20
204            android:name="com.google.firebase.iid.FirebaseInstanceIdReceiver"
204-->[com.google.firebase:firebase-messaging:25.0.1] AndroidManifest.xml:30:13-78
205            android:exported="true"
205-->[com.google.firebase:firebase-messaging:25.0.1] AndroidManifest.xml:31:13-36
206            android:permission="com.google.android.c2dm.permission.SEND" >
206-->[com.google.firebase:firebase-messaging:25.0.1] AndroidManifest.xml:32:13-73
207            <intent-filter>
207-->[com.google.firebase:firebase-messaging:25.0.1] AndroidManifest.xml:33:13-35:29
208                <action android:name="com.google.android.c2dm.intent.RECEIVE" />
208-->[com.google.firebase:firebase-messaging:25.0.1] AndroidManifest.xml:34:17-81
208-->[com.google.firebase:firebase-messaging:25.0.1] AndroidManifest.xml:34:25-78
209            </intent-filter>
210
211            <meta-data
211-->[com.google.firebase:firebase-messaging:25.0.1] AndroidManifest.xml:37:13-39:40
212                android:name="com.google.android.gms.cloudmessaging.FINISHED_AFTER_HANDLED"
212-->[com.google.firebase:firebase-messaging:25.0.1] AndroidManifest.xml:38:17-92
213                android:value="true" />
213-->[com.google.firebase:firebase-messaging:25.0.1] AndroidManifest.xml:39:17-37
214        </receiver>
215        <!--
216             FirebaseMessagingService performs security checks at runtime,
217             but set to not exported to explicitly avoid allowing another app to call it.
218        -->
219        <service
219-->[com.google.firebase:firebase-messaging:25.0.1] AndroidManifest.xml:46:9-53:19
220            android:name="com.google.firebase.messaging.FirebaseMessagingService"
220-->[com.google.firebase:firebase-messaging:25.0.1] AndroidManifest.xml:47:13-82
221            android:directBootAware="true"
221-->[com.google.firebase:firebase-messaging:25.0.1] AndroidManifest.xml:48:13-43
222            android:exported="false" >
222-->[com.google.firebase:firebase-messaging:25.0.1] AndroidManifest.xml:49:13-37
223            <intent-filter android:priority="-500" >
223-->src\main\AndroidManifest.xml:29:13-31:29
224                <action android:name="com.google.firebase.MESSAGING_EVENT" />
224-->src\main\AndroidManifest.xml:30:17-78
224-->src\main\AndroidManifest.xml:30:25-75
225            </intent-filter>
226        </service>
227        <service
227-->[androidx.credentials:credentials-play-services-auth:1.2.0-rc01] AndroidManifest.xml:24:9-32:19
228            android:name="androidx.credentials.playservices.CredentialProviderMetadataHolder"
228-->[androidx.credentials:credentials-play-services-auth:1.2.0-rc01] AndroidManifest.xml:25:13-94
229            android:enabled="true"
229-->[androidx.credentials:credentials-play-services-auth:1.2.0-rc01] AndroidManifest.xml:26:13-35
230            android:exported="false" >
230-->[androidx.credentials:credentials-play-services-auth:1.2.0-rc01] AndroidManifest.xml:27:13-37
231            <meta-data
231-->[androidx.credentials:credentials-play-services-auth:1.2.0-rc01] AndroidManifest.xml:29:13-31:104
232                android:name="androidx.credentials.CREDENTIAL_PROVIDER_KEY"
232-->[androidx.credentials:credentials-play-services-auth:1.2.0-rc01] AndroidManifest.xml:30:17-76
233                android:value="androidx.credentials.playservices.CredentialProviderPlayServicesImpl" />
233-->[androidx.credentials:credentials-play-services-auth:1.2.0-rc01] AndroidManifest.xml:31:17-101
234        </service>
235
236        <activity
236-->[androidx.credentials:credentials-play-services-auth:1.2.0-rc01] AndroidManifest.xml:34:9-41:20
237            android:name="androidx.credentials.playservices.HiddenActivity"
237-->[androidx.credentials:credentials-play-services-auth:1.2.0-rc01] AndroidManifest.xml:35:13-76
238            android:configChanges="orientation|screenSize|screenLayout|keyboardHidden"
238-->[androidx.credentials:credentials-play-services-auth:1.2.0-rc01] AndroidManifest.xml:36:13-87
239            android:enabled="true"
239-->[androidx.credentials:credentials-play-services-auth:1.2.0-rc01] AndroidManifest.xml:37:13-35
240            android:exported="false"
240-->[androidx.credentials:credentials-play-services-auth:1.2.0-rc01] AndroidManifest.xml:38:13-37
241            android:fitsSystemWindows="true"
241-->[androidx.credentials:credentials-play-services-auth:1.2.0-rc01] AndroidManifest.xml:39:13-45
242            android:theme="@style/Theme.Hidden" >
242-->[androidx.credentials:credentials-play-services-auth:1.2.0-rc01] AndroidManifest.xml:40:13-48
243        </activity>
244        <activity
244-->[com.google.android.gms:play-services-auth:20.7.0] AndroidManifest.xml:23:9-27:75
245            android:name="com.google.android.gms.auth.api.signin.internal.SignInHubActivity"
245-->[com.google.android.gms:play-services-auth:20.7.0] AndroidManifest.xml:24:13-93
246            android:excludeFromRecents="true"
246-->[com.google.android.gms:play-services-auth:20.7.0] AndroidManifest.xml:25:13-46
247            android:exported="false"
247-->[com.google.android.gms:play-services-auth:20.7.0] AndroidManifest.xml:26:13-37
248            android:theme="@android:style/Theme.Translucent.NoTitleBar" />
248-->[com.google.android.gms:play-services-auth:20.7.0] AndroidManifest.xml:27:13-72
249        <!--
250            Service handling Google Sign-In user revocation. For apps that do not integrate with
251            Google Sign-In, this service will never be started.
252        -->
253        <service
253-->[com.google.android.gms:play-services-auth:20.7.0] AndroidManifest.xml:33:9-37:51
254            android:name="com.google.android.gms.auth.api.signin.RevocationBoundService"
254-->[com.google.android.gms:play-services-auth:20.7.0] AndroidManifest.xml:34:13-89
255            android:exported="true"
255-->[com.google.android.gms:play-services-auth:20.7.0] AndroidManifest.xml:35:13-36
256            android:permission="com.google.android.gms.auth.api.signin.permission.REVOCATION_NOTIFICATION"
256-->[com.google.android.gms:play-services-auth:20.7.0] AndroidManifest.xml:36:13-107
257            android:visibleToInstantApps="true" />